#
# There is insufficient memory for the Java Runtime Environment to continue.
# Native memory allocation (malloc) failed to allocate 1048576 bytes for AllocateHeap
# Possible reasons:
#   The system is out of physical RAM or swap space
#   The process is running with CompressedOops enabled, and the Java Heap may be blocking the growth of the native heap
# Possible solutions:
#   Reduce memory load on the system
#   Increase physical memory or swap space
#   Check if swap backing store is full
#   Decrease Java heap size (-Xmx/-Xms)
#   Decrease number of Java threads
#   Decrease Java thread stack sizes (-Xss)
#   Set larger code cache with -XX:ReservedCodeCacheSize=
#   JVM is running with Unscaled Compressed Oops mode in which the Java heap is
#     placed in the first 4GB address space. The Java Heap base address is the
#     maximum limit for the native heap growth. Please use -XX:HeapBaseMinAddress
#     to set the Java Heap base and to place the Java Heap above 4GB virtual address.
# This output file may be truncated or incomplete.
#
#  Out of Memory Error (memory/allocation.inline.hpp:61), pid=14636, tid=0x00000000000074b8
#
# JRE version:  (8.0_222-b10) (build )
# Java VM: OpenJDK 64-Bit Server VM (25.222-b10 mixed mode windows-amd64 compressed oops)
# Failed to write core dump. Minidumps are not enabled by default on client versions of Windows
#

---------------  T H R E A D  ---------------

Current thread (0x0000023e205c7000):  JavaThread "Unknown thread" [_thread_in_vm, id=29880, stack(0x000000e103300000,0x000000e103400000)]

Stack: [0x000000e103300000,0x000000e103400000]
[error occurred during error reporting (printing stack bounds), id 0xc0000005]

Native frames: (J=compiled Java code, j=interpreted, Vv=VM code, C=native code)


---------------  P R O C E S S  ---------------

Java Threads: ( => current thread )

Other Threads:

=>0x0000023e205c7000 (exited) JavaThread "Unknown thread" [_thread_in_vm, id=29880, stack(0x000000e103300000,0x000000e103400000)]

VM state:not at safepoint (normal execution)

VM Mutex/Monitor currently owned by a thread: None

heap address: 0x0000000082600000, size: 2010 MB, Compressed Oops mode: 32-bit
Narrow klass base: 0x0000000000000000, Narrow klass shift: 3
Compressed class space size: 1073741824 Address: 0x0000000100000000

Heap:
 PSYoungGen      total 37888K, used 655K [0x00000000d6200000, 0x00000000d8c00000, 0x0000000100000000)
  eden space 32768K, 2% used [0x00000000d6200000,0x00000000d62a3d80,0x00000000d8200000)
  from space 5120K, 0% used [0x00000000d8700000,0x00000000d8700000,0x00000000d8c00000)
  to   space 5120K, 0% used [0x00000000d8200000,0x00000000d8200000,0x00000000d8700000)
 ParOldGen       total 86016K, used 0K [0x0000000082600000, 0x0000000087a00000, 0x00000000d6200000)
  object space 86016K, 0% used [0x0000000082600000,0x0000000082600000,0x0000000087a00000)
 Metaspace       used 778K, capacity 4480K, committed 4480K, reserved 1056768K
  class space    used 74K, capacity 384K, committed 384K, reserved 1048576K

Card table byte_map: [0x0000023e311f0000,0x0000023e315e0000] byte_map_base: 0x0000023e30ddd000

Marking Bits: (ParMarkBitMap*) 0x000000005ba34e90
 Begin Bits: [0x0000023e31880000, 0x0000023e337e8000)
 End Bits:   [0x0000023e337e8000, 0x0000023e35750000)

Polling page: 0x0000023e20520000

CodeCache: size=245760Kb used=328Kb max_used=328Kb free=245431Kb
 bounds [0x0000023e21e30000, 0x0000023e220a0000, 0x0000023e30e30000]
 total_blobs=57 nmethods=0 adapters=38
 compilation: enabled

Compilation events (0 events):
No events

GC Heap History (0 events):
No events

Deoptimization events (0 events):
No events

Classes redefined (0 events):
No events

Internal exceptions (0 events):
No events

Events (10 events):
Event: 0.024 loading class java/lang/Short
Event: 0.024 loading class java/lang/Short done
Event: 0.024 loading class java/lang/Integer
Event: 0.024 loading class java/lang/Integer done
Event: 0.024 loading class java/lang/Long
Event: 0.024 loading class java/lang/Long done
Event: 0.025 loading class java/lang/NullPointerException
Event: 0.025 loading class java/lang/NullPointerException done
Event: 0.025 loading class java/lang/ArithmeticException
Event: 0.025 loading class java/lang/ArithmeticException done


Dynamic libraries:
0x00007ff6b5320000 - 0x00007ff6b535a000 	C:\Program Files\AdoptOpenJDK\jdk-8.0.222.10-hotspot\bin\javaw.exe
0x00007ffcefcc0000 - 0x00007ffcefeb0000 	C:\WINDOWS\SYSTEM32\ntdll.dll
0x00007ffcef650000 - 0x00007ffcef702000 	C:\WINDOWS\System32\KERNEL32.DLL
0x00007ffcecd10000 - 0x00007ffcecfb3000 	C:\WINDOWS\System32\KERNELBASE.dll
0x00007ffcee9e0000 - 0x00007ffceea83000 	C:\WINDOWS\System32\ADVAPI32.dll
0x00007ffcef5a0000 - 0x00007ffcef63e000 	C:\WINDOWS\System32\msvcrt.dll
0x00007ffceeb00000 - 0x00007ffceeb97000 	C:\WINDOWS\System32\sechost.dll
0x00007ffcef0c0000 - 0x00007ffcef1e0000 	C:\WINDOWS\System32\RPCRT4.dll
0x00007ffceeba0000 - 0x00007ffceed34000 	C:\WINDOWS\System32\USER32.dll
0x00007ffcecc50000 - 0x00007ffcecc71000 	C:\WINDOWS\System32\win32u.dll
0x00007ffcee540000 - 0x00007ffcee566000 	C:\WINDOWS\System32\GDI32.dll
0x00007ffcedbd0000 - 0x00007ffcedd64000 	C:\WINDOWS\System32\gdi32full.dll
0x00007ffceda80000 - 0x00007ffcedb1e000 	C:\WINDOWS\System32\msvcp_win.dll
0x00007ffced740000 - 0x00007ffced83a000 	C:\WINDOWS\System32\ucrtbase.dll
0x00007ffcda7c0000 - 0x00007ffcdaa45000 	C:\WINDOWS\WinSxS\amd64_microsoft.windows.common-controls_6595b64144ccf1df_6.0.18362.418_none_e6c6b287130d565d\COMCTL32.dll
0x00007ffcef1e0000 - 0x00007ffcef516000 	C:\WINDOWS\System32\combase.dll
0x00007ffced990000 - 0x00007ffceda10000 	C:\WINDOWS\System32\bcryptPrimitives.dll
0x00007ffcef730000 - 0x00007ffcef75e000 	C:\WINDOWS\System32\IMM32.DLL
0x00007ffc81910000 - 0x00007ffc819ff000 	C:\Program Files\AdoptOpenJDK\jdk-8.0.222.10-hotspot\jre\bin\msvcr120.dll
0x00007ffc955d0000 - 0x00007ffc95676000 	C:\Program Files\AdoptOpenJDK\jdk-8.0.222.10-hotspot\jre\bin\msvcp120.dll
0x000000005b2b0000 - 0x000000005baae000 	C:\Program Files\AdoptOpenJDK\jdk-8.0.222.10-hotspot\jre\bin\server\jvm.dll
0x00007ffcedde0000 - 0x00007ffcedde8000 	C:\WINDOWS\System32\PSAPI.DLL
0x00007ffcd3590000 - 0x00007ffcd3599000 	C:\WINDOWS\SYSTEM32\WSOCK32.dll
0x00007ffceade0000 - 0x00007ffceae04000 	C:\WINDOWS\SYSTEM32\WINMM.dll
0x00007ffce5e60000 - 0x00007ffce5e6a000 	C:\WINDOWS\SYSTEM32\VERSION.dll
0x00007ffceea90000 - 0x00007ffceeaff000 	C:\WINDOWS\System32\WS2_32.dll
0x00007ffceabb0000 - 0x00007ffceabdd000 	C:\WINDOWS\SYSTEM32\winmmbase.dll
0x00007ffceda10000 - 0x00007ffceda5a000 	C:\WINDOWS\System32\cfgmgr32.dll
0x00007ffcd7490000 - 0x00007ffcd749f000 	C:\Program Files\AdoptOpenJDK\jdk-8.0.222.10-hotspot\jre\bin\verify.dll
0x00007ffc958f0000 - 0x00007ffc95918000 	C:\Program Files\AdoptOpenJDK\jdk-8.0.222.10-hotspot\jre\bin\java.dll
0x00007ffcd3990000 - 0x00007ffcd39a6000 	C:\Program Files\AdoptOpenJDK\jdk-8.0.222.10-hotspot\jre\bin\zip.dll

VM Arguments:
jvm_args: -Dfile.encoding=Cp1252 
java_command: Game
java_class_path (initial): C:\Users\pelle\eclipse-workspace\NewGame
Launcher Type: SUN_STANDARD

Environment Variables:
PATH=C:/Program Files/AdoptOpenJDK/jdk-8.0.222.10-hotspot/bin/../jre/bin/server;C:/Program Files/AdoptOpenJDK/jdk-8.0.222.10-hotspot/bin/../jre/bin;C:/Program Files/AdoptOpenJDK/jdk-8.0.222.10-hotspot/bin/../jre/lib/amd64;C:\Program Files (x86)\Google\Chrome\Application;C:\Program Files\AdoptOpenJDK\jdk-8.0.222.10-hotspot\bin;C:\Program Files (x86)\Intel\Intel(R) Management Engine Components\iCLS\;C:\Program Files\Intel\Intel(R) Management Engine Components\iCLS\;C:\Windows\system32;C:\Windows;C:\Windows\System32\Wbem;C:\Windows\System32\WindowsPowerShell\v1.0\;C:\Windows\System32\OpenSSH\;C:\Program Files (x86)\Intel\Intel(R) Management Engine Components\DAL;C:\Program Files\Intel\Intel(R) Management Engine Components\DAL;C:\Program Files (x86)\Intel\Intel(R) Management Engine Components\IPT;C:\Program Files\Intel\Intel(R) Management Engine Components\IPT;C:\Program Files (x86)\NVIDIA Corporation\PhysX\Common;%SystemRoot%\system32;%SystemRoot%;%SystemRoot%\System32\Wbem;%SYSTEMROOT%\System32\WindowsPowerShell\v1.0\;%SYSTEMROOT%\System32\OpenSSH\;C:\Users\pelle\AppData\Local\Microsoft\WindowsApps;;C:\Users\pelle\AppData\Local\Programs\Microsoft VS Code\bin;C:\Users\pelle\Downloads;
USERNAME=pelle
OS=Windows_NT
PROCESSOR_IDENTIFIER=Intel64 Family 6 Model 158 Stepping 10, GenuineIntel



---------------  S Y S T E M  ---------------

OS: Windows 10.0 , 64 bit Build 18362 (10.0.18362.329)

CPU:total 8 (initial active 8) (4 cores per cpu, 2 threads per core) family 6 model 158 stepping 10, cmov, cx8, fxsr, mmx, sse, sse2, sse3, ssse3, sse4.1, sse4.2, popcnt, avx, avx2, aes, clmul, erms, 3dnowpref, lzcnt, ht, tsc, tscinvbit, bmi1, bmi2, adx

Memory: 4k page, physical 8227124k(1335704k free), swap 33392948k(6204k free)

vm_info: OpenJDK 64-Bit Server VM (25.222-b10) for windows-amd64 JRE (1.8.0_222-b10), built on Jul 17 2019 08:11:33 by "jenkins" with MS VC++ 12.0 (VS2013)

time: Mon Nov 04 18:45:23 2019
timezone: Pacific Standard Time
elapsed time: 0 seconds (0d 0h 0m 0s)

